c:\users\vasu_\desktop\gshapestructure project 1\gshapestructure\gshapestructure\debug\gshapestructure.pch
c:\users\vasu_\desktop\gshapestructure project 1\gshapestructure\gshapestructure\debug\vc141.pdb
c:\users\vasu_\desktop\gshapestructure project 1\gshapestructure\gshapestructure\debug\vc141.idb
c:\users\vasu_\desktop\gshapestructure project 1\gshapestructure\gshapestructure\debug\stdafx.obj
c:\users\vasu_\desktop\gshapestructure project 1\gshapestructure\gshapestructure\debug\baseplate.obj
c:\users\vasu_\desktop\gshapestructure project 1\gshapestructure\gshapestructure\debug\cmplx.obj
c:\users\vasu_\desktop\gshapestructure project 1\gshapestructure\gshapestructure\debug\gshapeplate.obj
c:\users\vasu_\desktop\gshapestructure project 1\gshapestructure\gshapestructure\debug\gshapestructure.obj
c:\users\vasu_\desktop\gshapestructure project 1\gshapestructure\gshapestructure\debug\mymatlib.obj
c:\users\vasu_\desktop\gshapestructure project 1\gshapestructure\gshapestructure\debug\rmatrix.obj
c:\users\vasu_\desktop\gshapestructure project 1\gshapestructure\gshapestructure\debug\rvektor.obj
c:\users\vasu_\desktop\gshapestructure project 1\gshapestructure\gshapestructure\debug\smallsquare.obj
c:\users\vasu_\desktop\gshapestructure project 1\gshapestructure\gshapestructure\debug\twoplatesg.obj
c:\users\vasu_\desktop\gshapestructure project 1\gshapestructure\gshapestructure\debug\vector.obj
c:\users\vasu_\desktop\gshapestructure project 1\gshapestructure\debug\gshapestructure.ilk
c:\users\vasu_\desktop\gshapestructure project 1\gshapestructure\debug\gshapestructure.exe
c:\users\vasu_\desktop\gshapestructure project 1\gshapestructure\debug\gshapestructure.pdb
c:\users\vasu_\desktop\gshapestructure project 1\gshapestructure\gshapestructure\debug\gshapestructure.res
c:\users\vasu_\desktop\gshapestructure project 1\gshapestructure\gshapestructure\debug\vc140.idb
c:\users\vasu_\desktop\gshapestructure project 1\gshapestructure\gshapestructure\debug\vc140.pdb
c:\users\vasu_\desktop\gshapestructure project 1\gshapestructure\gshapestructure\debug\gshapestructure.tlog\cl.command.1.tlog
c:\users\vasu_\desktop\gshapestructure project 1\gshapestructure\gshapestructure\debug\gshapestructure.tlog\cl.read.1.tlog
c:\users\vasu_\desktop\gshapestructure project 1\gshapestructure\gshapestructure\debug\gshapestructure.tlog\cl.write.1.tlog
c:\users\vasu_\desktop\gshapestructure project 1\gshapestructure\gshapestructure\debug\gshapestructure.tlog\link.command.1.tlog
c:\users\vasu_\desktop\gshapestructure project 1\gshapestructure\gshapestructure\debug\gshapestructure.tlog\link.delete.1.tlog
c:\users\vasu_\desktop\gshapestructure project 1\gshapestructure\gshapestructure\debug\gshapestructure.tlog\link.read.1.tlog
c:\users\vasu_\desktop\gshapestructure project 1\gshapestructure\gshapestructure\debug\gshapestructure.tlog\link.write.1.tlog
c:\users\vasu_\desktop\gshapestructure project 1\gshapestructure\gshapestructure\debug\gshapestructure.tlog\rc.command.1.tlog
c:\users\vasu_\desktop\gshapestructure project 1\gshapestructure\gshapestructure\debug\gshapestructure.tlog\rc.read.1.tlog
c:\users\vasu_\desktop\gshapestructure project 1\gshapestructure\gshapestructure\debug\gshapestructure.tlog\rc.write.1.tlog
